<?xml version="1.0" encoding="UTF-8"?>
<!-- Generated by org.testng.reporters.JUnitReportReporter -->
<testsuite hostname="DESKTOP-30FF64L" failures="0" tests="2" name="WebDriverBaseClass.TestBase" time="21.547" errors="0" timestamp="2022-06-12T00:28:51 IST" skipped="0">
  <testcase classname="WebDriverBaseClass.TestBase" name="setupBrowser" time="12.322"/>
  <system-out/>
  <testcase classname="WebDriverBaseClass.TestBase" name="setupBrowser" time="9.225"/>
  <system-out/>
</testsuite> <!-- WebDriverBaseClass.TestBase -->
