<?xml version="1.0" encoding="UTF-8"?>
<!-- Generated by org.testng.reporters.JUnitReportReporter -->
<testsuite hostname="DESKTOP-30FF64L" failures="0" tests="1" name="TestRunner.CucumberRunner" time="5.397" errors="0" timestamp="2022-06-04T23:29:40 IST" skipped="0">
  <testcase classname="TestRunner.CucumberRunner" name="runScenario" time="5.397"/>
  <system-out/>
</testsuite> <!-- TestRunner.CucumberRunner -->
