<?xml version="1.0" encoding="UTF-8"?>
<!-- Generated by org.testng.reporters.JUnitReportReporter -->
<testsuite hostname="DESKTOP-30FF64L" failures="0" tests="2" name="WebDriverBaseClass.TestBase" time="23.663" errors="0" timestamp="2022-06-12T01:34:53 IST" skipped="0">
  <testcase classname="WebDriverBaseClass.TestBase" name="setupBrowser" time="13.389"/>
  <system-out/>
  <testcase classname="WebDriverBaseClass.TestBase" name="setupBrowser" time="10.274"/>
  <system-out/>
</testsuite> <!-- WebDriverBaseClass.TestBase -->
